[0 0 0 0 0 0 0 0 0 0]: [[  0. -inf -inf -inf -inf -inf -inf -inf -inf -inf]
 [ nan -inf  nan  nan  nan  nan  nan  nan  nan  nan]
 [ nan  nan -inf  nan  nan  nan  nan  nan  nan  nan]
 [ nan  nan  nan -inf  nan  nan  nan  nan  nan  nan]
 [ nan  nan  nan  nan -inf  nan  nan  nan  nan  nan]
 [ nan  nan  nan  nan  nan -inf  nan  nan  nan  nan]
 [ nan  nan  nan  nan  nan  nan -inf  nan  nan  nan]
 [ nan  nan  nan  nan  nan  nan  nan -inf  nan  nan]
 [ nan  nan  nan  nan  nan  nan  nan  nan -inf  nan]
 [ nan  nan  nan  nan  nan  nan  nan  nan  nan -inf]], [1 2 3 4 5 6 7 8 9]
[0 0 1 0 3 0 5 0 7 0]: [[  0. -inf -inf -inf -inf -inf -inf -inf -inf -inf]
 [-inf -inf  nan  nan  nan  nan  nan  nan  nan  nan]
 [-inf  nan -inf  nan  nan  nan  nan  nan  nan  nan]
 [-inf  nan  nan -inf  nan  nan  nan  nan  nan  nan]
 [-inf  nan  nan  nan -inf  nan  nan  nan  nan  nan]
 [-inf  nan  nan  nan  nan -inf  nan  nan  nan  nan]
 [-inf  nan  nan  nan  nan  nan -inf  nan  nan  nan]
 [-inf  nan  nan  nan  nan  nan  nan -inf  nan  nan]
 [-inf  nan  nan  nan  nan  nan  nan  nan -inf  nan]
 [  0. -inf -inf -inf -inf -inf -inf -inf -inf -inf]], [  0. -inf  nan -inf  nan -inf  nan -inf  nan   0.], -inf
